<?xml version="1.0" encoding="UTF-8"?>
<!-- Generated by org.testng.reporters.JUnitXMLReporter -->
<testsuite ignored="0" hostname="LAPTOP-CIV631Q9" failures="0" tests="3" name="Default test" time="12.982" errors="0" timestamp="2024-09-10T21:27:30 IST">
  <testcase classname="login.Specialcharacter" name="openapp" time="2.023"/>
  <testcase classname="login.Specialcharacter" name="logincharacter" time="0.781"/>
  <testcase classname="login.Specialcharacter" name="errormessage" time="10.144"/>
</testsuite> <!-- Default test -->
