<?xml version="1.0" encoding="UTF-8"?>
<testng-results ignored="0" total="3" passed="3" failed="0" skipped="0">
  <reporter-output>
  </reporter-output>
  <suite started-at="2024-09-10T21:27:17 IST" name="Default suite" finished-at="2024-09-10T21:27:30 IST" duration-ms="12982">
    <groups>
    </groups>
    <test started-at="2024-09-10T21:27:17 IST" name="Default test" finished-at="2024-09-10T21:27:30 IST" duration-ms="12982">
      <class name="login.Specialcharacter">
        <test-method signature="openapp()[pri:1, instance:login.Specialcharacter@13b13b5d]" started-at="2024-09-10T21:27:17 IST" name="openapp" finished-at="2024-09-10T21:27:19 IST" duration-ms="2023" status="PASS">
          <reporter-output>
          </reporter-output>
        </test-method> <!-- openapp -->
        <test-method signature="logincharacter()[pri:2, instance:login.Specialcharacter@13b13b5d]" started-at="2024-09-10T21:27:19 IST" name="logincharacter" finished-at="2024-09-10T21:27:20 IST" duration-ms="781" status="PASS">
          <reporter-output>
          </reporter-output>
        </test-method> <!-- logincharacter -->
        <test-method signature="errormessage()[pri:3, instance:login.Specialcharacter@13b13b5d]" started-at="2024-09-10T21:27:20 IST" name="errormessage" finished-at="2024-09-10T21:27:30 IST" duration-ms="10144" status="PASS">
          <reporter-output>
          </reporter-output>
        </test-method> <!-- errormessage -->
      </class> <!-- login.Specialcharacter -->
    </test> <!-- Default test -->
  </suite> <!-- Default suite -->
</testng-results>
